<?xml version="1.0" encoding="UTF-8"?>
<!-- Generated by org.testng.reporters.JUnitReportReporter -->
<testsuite hostname="DESKTOP-4FP7CF3" failures="0" tests="1" name="automation.wj4_briefcog_test.runner.testNG_TestRunner" time="34.763" errors="0" timestamp="2022-08-04T22:05:35 IST" skipped="0">
  <testcase classname="automation.wj4_briefcog_test.runner.testNG_TestRunner" name="runScenario" time="34.763"/>
  <system-out/>
</testsuite> <!-- automation.wj4_briefcog_test.runner.testNG_TestRunner -->
