<?xml version="1.0" encoding="UTF-8"?>
<!-- Generated by org.testng.reporters.JUnitReportReporter -->
<testsuite hostname="Sunils-ASUS" failures="0" tests="1" name="automation.wj4_briefcog_test.runner.testNG_TestRunner" time="21.255" errors="0" timestamp="2022-07-29T15:26:25 IST" skipped="0">
  <testcase classname="automation.wj4_briefcog_test.runner.testNG_TestRunner" name="runScenario" time="21.255"/>
  <system-out/>
</testsuite> <!-- automation.wj4_briefcog_test.runner.testNG_TestRunner -->
