<?xml version="1.0" encoding="UTF-8"?>
<!-- Generated by org.testng.reporters.JUnitReportReporter -->
<testsuite hostname="Sunils-ASUS" failures="0" tests="2" name="automation.wj4_briefcog_test.runner.testNG_TestRunner" time="27.844" errors="0" timestamp="2022-07-28T16:12:57 IST" skipped="0">
  <testcase classname="automation.wj4_briefcog_test.runner.testNG_TestRunner" name="runScenario" time="12.674"/>
  <system-out/>
  <testcase classname="automation.wj4_briefcog_test.runner.testNG_TestRunner" name="runScenario" time="15.170"/>
  <system-out/>
</testsuite> <!-- automation.wj4_briefcog_test.runner.testNG_TestRunner -->
