<?xml version="1.0" encoding="UTF-8"?>
<!-- Generated by org.testng.reporters.JUnitReportReporter -->
<testsuite hostname="DESKTOP-4FP7CF3" failures="0" tests="5" name="automation.wj4_briefcog_test.runner.testNG_TestRunner" time="116.822" errors="0" timestamp="2022-08-03T22:44:27 IST" skipped="0">
  <testcase classname="automation.wj4_briefcog_test.runner.testNG_TestRunner" name="runScenario" time="19.736"/>
  <system-out/>
  <testcase classname="automation.wj4_briefcog_test.runner.testNG_TestRunner" name="runScenario" time="24.690"/>
  <system-out/>
  <testcase classname="automation.wj4_briefcog_test.runner.testNG_TestRunner" name="runScenario" time="25.330"/>
  <system-out/>
  <testcase classname="automation.wj4_briefcog_test.runner.testNG_TestRunner" name="runScenario" time="22.796"/>
  <system-out/>
  <testcase classname="automation.wj4_briefcog_test.runner.testNG_TestRunner" name="runScenario" time="24.270"/>
  <system-out/>
</testsuite> <!-- automation.wj4_briefcog_test.runner.testNG_TestRunner -->
